0 info it worked if it ends with ok
1 verbose cli [ 'C:\\Program Files\\nodejs\\node.exe',
1 verbose cli   'C:\\Program Files\\nodejs\\node_modules\\npm\\bin\\npm-cli.js',
1 verbose cli   'run',
1 verbose cli   'serve' ]
2 info using npm@3.3.12
3 info using node@v5.1.1
4 verbose run-script [ 'preserve', 'serve', 'postserve' ]
5 info lifecycle @~preserve: @
6 silly lifecycle @~preserve: no script for preserve, continuing
7 info lifecycle @~serve: @
8 verbose lifecycle @~serve: unsafe-perm in lifecycle true
9 verbose lifecycle @~serve: PATH: C:\Program Files\nodejs\node_modules\npm\bin\node-gyp-bin;G:\MASAYUKI\git\es6-gulp\react-es6\node_modules\.bin;C:\Users\MASAYUKI\bin;C:\Users\MASAYUKI\AppData\Local\Programs\Git\mingw64\bin;C:\Users\MASAYUKI\AppData\Local\Programs\Git\usr\local\bin;C:\Users\MASAYUKI\AppData\Local\Programs\Git\usr\bin;C:\Users\MASAYUKI\AppData\Local\Programs\Git\usr\bin;C:\Users\MASAYUKI\AppData\Local\Programs\Git\mingw64\bin;C:\Users\MASAYUKI\AppData\Local\Programs\Git\usr\bin;C:\Users\MASAYUKI\bin;C:\ProgramData\Oracle\Java\javapath;C:\WINDOWS\system32;C:\WINDOWS;C:\WINDOWS\System32\Wbem;C:\WINDOWS\System32\WindowsPowerShell\v1.0;C:\Program Files\nodejs;C:\Users\MASAYUKI\.dnx\bin;C:\Program Files\Microsoft DNX\Dnvm;C:\Program Files (x86)\NVIDIA Corporation\PhysX\Common;C:\Python27\Scripts;C:\Python27;C:\Program Files (x86)\Google\Chrome\Application;C:\WINDOWS\system32;C:\WINDOWS;C:\WINDOWS\System32\Wbem;C:\WINDOWS\System32\WindowsPowerShell\v1.0;C:\Program Files (x86)\MacType;C:\Users\MASAYUKI\AppData\Local\Programs\Git\cmd;C:\Users\MASAYUKI\AppData\Local\Programs\Git\mingw64\bin;C:\Users\MASAYUKI\AppData\Local\Programs\Git\usr\bin;C:\Users\MASAYUKI\AppData\Roaming\npm;C:\Program Files\Docker Toolbox;C:\Python27;C;¥Python27¥Scripts;G:\MASAYUKI\tools\gradle-2.12\bin;C:\Users\MASAYUKI\AppData\Local\Programs\Git\usr\bin\vendor_perl;C:\Users\MASAYUKI\AppData\Local\Programs\Git\usr\bin\core_perl
10 verbose lifecycle @~serve: CWD: G:\MASAYUKI\git\es6-gulp\react-es6
11 silly lifecycle @~serve: Args: [ '/d /s /c', 'gulp serve' ]
12 silly lifecycle @~serve: Returned: code: 1  signal: null
13 info lifecycle @~serve: Failed to exec serve script
14 verbose stack Error: @ serve: `gulp serve`
14 verbose stack Exit status 1
14 verbose stack     at EventEmitter.<anonymous> (C:\Program Files\nodejs\node_modules\npm\lib\utils\lifecycle.js:232:16)
14 verbose stack     at emitTwo (events.js:87:13)
14 verbose stack     at EventEmitter.emit (events.js:172:7)
14 verbose stack     at ChildProcess.<anonymous> (C:\Program Files\nodejs\node_modules\npm\lib\utils\spawn.js:24:14)
14 verbose stack     at emitTwo (events.js:87:13)
14 verbose stack     at ChildProcess.emit (events.js:172:7)
14 verbose stack     at maybeClose (internal/child_process.js:818:16)
14 verbose stack     at Process.ChildProcess._handle.onexit (internal/child_process.js:211:5)
15 verbose pkgid @
16 verbose cwd G:\MASAYUKI\git\es6-gulp\react-es6
17 error Windows_NT 10.0.10586
18 error argv "C:\\Program Files\\nodejs\\node.exe" "C:\\Program Files\\nodejs\\node_modules\\npm\\bin\\npm-cli.js" "run" "serve"
19 error node v5.1.1
20 error npm  v3.3.12
21 error code ELIFECYCLE
22 error @ serve: `gulp serve`
22 error Exit status 1
23 error Failed at the @ serve script 'gulp serve'.
23 error Make sure you have the latest version of node.js and npm installed.
23 error If you do, this is most likely a problem with the  package,
23 error not with npm itself.
23 error Tell the author that this fails on your system:
23 error     gulp serve
23 error You can get their info via:
23 error     npm owner ls
23 error There is likely additional logging output above.
24 verbose exit [ 1, true ]
