0 info it worked if it ends with ok
1 verbose cli [ 'C:\\Program Files\\nodejs\\node.exe',
1 verbose cli   'C:\\Program Files\\nodejs\\node_modules\\npm\\bin\\npm-cli.js',
1 verbose cli   'run',
1 verbose cli   'start' ]
2 info using npm@3.3.12
3 info using node@v5.1.1
4 verbose run-script [ 'prestart', 'start', 'poststart' ]
5 info lifecycle es2015-sandbox@1.0.0~prestart: es2015-sandbox@1.0.0
6 silly lifecycle es2015-sandbox@1.0.0~prestart: no script for prestart, continuing
7 info lifecycle es2015-sandbox@1.0.0~start: es2015-sandbox@1.0.0
8 verbose lifecycle es2015-sandbox@1.0.0~start: unsafe-perm in lifecycle true
9 verbose lifecycle es2015-sandbox@1.0.0~start: PATH: C:\Program Files\nodejs\node_modules\npm\bin\node-gyp-bin;G:\MASAYUKI\git\es6-gulp\es2015-sandbox\node_modules\.bin;C:\Users\MASAYUKI\bin;C:\Users\MASAYUKI\AppData\Local\Programs\Git\mingw64\bin;C:\Users\MASAYUKI\AppData\Local\Programs\Git\usr\local\bin;C:\Users\MASAYUKI\AppData\Local\Programs\Git\usr\bin;C:\Users\MASAYUKI\AppData\Local\Programs\Git\usr\bin;C:\Users\MASAYUKI\AppData\Local\Programs\Git\mingw64\bin;C:\Users\MASAYUKI\AppData\Local\Programs\Git\usr\bin;C:\Users\MASAYUKI\bin;C:\ProgramData\Oracle\Java\javapath;C:\WINDOWS\system32;C:\WINDOWS;C:\WINDOWS\System32\Wbem;C:\WINDOWS\System32\WindowsPowerShell\v1.0;C:\Program Files\nodejs;C:\Users\MASAYUKI\.dnx\bin;C:\Program Files\Microsoft DNX\Dnvm;C:\Program Files (x86)\NVIDIA Corporation\PhysX\Common;C:\Python27\Scripts;C:\Python27;C:\Program Files (x86)\Google\Chrome\Application;C:\Program Files (x86)\MacType;C:\Users\MASAYUKI\AppData\Local\Programs\Git\cmd;C:\Users\MASAYUKI\AppData\Local\Programs\Git\mingw64\bin;C:\Users\MASAYUKI\AppData\Local\Programs\Git\usr\bin;C:\Users\MASAYUKI\AppData\Roaming\npm;C:\Program Files\Docker Toolbox;C;¥Python27¥Scripts;G:\MASAYUKI\tools\gradle-2.12\bin;C:\Users\MASAYUKI\AppData\Local\Programs\Git\usr\bin\vendor_perl;C:\Users\MASAYUKI\AppData\Local\Programs\Git\usr\bin\core_perl
10 verbose lifecycle es2015-sandbox@1.0.0~start: CWD: G:\MASAYUKI\git\es6-gulp\es2015-sandbox
11 silly lifecycle es2015-sandbox@1.0.0~start: Args: [ '/d /s /c', 'gulp' ]
12 silly lifecycle es2015-sandbox@1.0.0~start: Returned: code: 1  signal: null
13 info lifecycle es2015-sandbox@1.0.0~start: Failed to exec start script
14 verbose stack Error: es2015-sandbox@1.0.0 start: `gulp`
14 verbose stack Exit status 1
14 verbose stack     at EventEmitter.<anonymous> (C:\Program Files\nodejs\node_modules\npm\lib\utils\lifecycle.js:232:16)
14 verbose stack     at emitTwo (events.js:87:13)
14 verbose stack     at EventEmitter.emit (events.js:172:7)
14 verbose stack     at ChildProcess.<anonymous> (C:\Program Files\nodejs\node_modules\npm\lib\utils\spawn.js:24:14)
14 verbose stack     at emitTwo (events.js:87:13)
14 verbose stack     at ChildProcess.emit (events.js:172:7)
14 verbose stack     at maybeClose (internal/child_process.js:818:16)
14 verbose stack     at Process.ChildProcess._handle.onexit (internal/child_process.js:211:5)
15 verbose pkgid es2015-sandbox@1.0.0
16 verbose cwd G:\MASAYUKI\git\es6-gulp\es2015-sandbox
17 error Windows_NT 10.0.10586
18 error argv "C:\\Program Files\\nodejs\\node.exe" "C:\\Program Files\\nodejs\\node_modules\\npm\\bin\\npm-cli.js" "run" "start"
19 error node v5.1.1
20 error npm  v3.3.12
21 error code ELIFECYCLE
22 error es2015-sandbox@1.0.0 start: `gulp`
22 error Exit status 1
23 error Failed at the es2015-sandbox@1.0.0 start script 'gulp'.
23 error Make sure you have the latest version of node.js and npm installed.
23 error If you do, this is most likely a problem with the es2015-sandbox package,
23 error not with npm itself.
23 error Tell the author that this fails on your system:
23 error     gulp
23 error You can get their info via:
23 error     npm owner ls es2015-sandbox
23 error There is likely additional logging output above.
24 verbose exit [ 1, true ]
